02:48 nullpol INFO    : Running nullpol: 0.0.post265+ge053d8e.d20250107
02:48 bilby_pipe INFO    : Command line arguments: Namespace(ini='outdir_scalar_tensor_injection/scalar_tensor_injection_config_complete.ini', verbose=False, calibration_model=None, spline_calibration_envelope_dict=None, spline_calibration_nodes=10, spline_calibration_amplitude_uncertainty_dict=None, spline_calibration_phase_uncertainty_dict=None, calibration_prior_boundary='reflective', idx=0, data_dump_file='outdir_scalar_tensor_injection/data/scalar_tensor_injection_data0_0_generation_data_dump.pickle', ignore_gwpy_data_quality_check=True, gps_tuple=None, gps_file=None, timeslide_file=None, timeslide_dict=None, trigger_time=None, n_simulation=1, data_dict=None, data_format=None, allow_tape=True, channel_dict=None, frame_type_dict=None, data_find_url='https://datafind.igwn.org', data_find_urltype='osdf', gaussian_noise=True, zero_noise=False, detectors=['H1', 'L1', 'V1'], duration=4.0, generation_seed=None, psd_dict=None, psd_fractional_overlap=0.5, post_trigger_duration=2.0, sampling_frequency=4096.0, psd_length=32, psd_maximum_duration=1024, psd_method='median', psd_start_time=None, maximum_frequency=None, minimum_frequency='20', tukey_roll_off=0.4, resampling_method='lal', injection=True, injection_dict=None, injection_file='/home/chun-fung.wong/projects/bantam/src/nullpol/examples/injection/scalar_tensor/injections.json', injection_numbers=[None], injection_waveform_approximant='IMRPhenomPv2', injection_frequency_domain_source_model='nullpol.source.lal_binary_black_hole_non_gr_simple_map', injection_waveform_arguments=None, accounting='ligo.sim.o4.cbc.testgr.tiger', accounting_user=None, label='scalar_tensor_injection_data0_0_analysis_H1L1V1', local=False, local_generation=False, generation_pool='local-pool', local_plot=False, outdir='outdir_scalar_tensor_injection', overwrite_outdir=False, periodic_restart_time=28800, request_disk=5.0, request_memory=8.0, request_memory_generation=None, request_cpus=4, conda_env=None, scheduler='condor', scheduler_args=None, scheduler_module=[None], scheduler_env=None, scheduler_analysis_time='7-00:00:00', submit=True, condor_job_priority=0, transfer_files=True, additional_transfer_paths=[None], environment_variables=None, getenv=[None], disable_hdf5_locking=False, log_directory=None, osg=False, desired_sites=None, analysis_executable=None, analysis_executable_parser=None, scitoken_issuer=None, calibration_marginalization=False, reference_frame='sky', time_reference='geocent', calibration_lookup_table=None, number_of_response_curves=1000, extra_likelihood_kwargs=None, plot_trace=False, plot_data=False, plot_injection=False, plot_spectrogram=False, plot_calibration=False, plot_corner=False, plot_marginal=False, plot_skymap=False, plot_waveform=False, plot_format='png', create_summary=False, email=None, notification='Never', queue=None, existing_dir=None, webdir=None, summarypages_arguments=None, result_format='hdf5', final_result=True, final_result_nsamples=20000, deltaT=0.2, prior_file=None, prior_dict=None, enforce_signal_duration=True, postprocessing_executable=None, postprocessing_arguments=None, single_postprocessing_executable=None, single_postprocessing_arguments=None, sampler='dynesty', sampling_seed=None, n_parallel=1, sampler_kwargs="{'nlive': 1000, 'naccept': 60, 'check_point_plot': True, 'check_point_delta_t': 1800, 'print_method': 'interval-60', 'sample': 'acceptance-walk', 'npool': 4}", reweighting_configuration=None, reweight_nested_samples=True, waveform_generator='bilby.gw.waveform_generator.LALCBCWaveformGenerator', reference_frequency=50.0, waveform_approximant='IMRPhenomPv2', catch_waveform_errors=True, pn_spin_order=-1, pn_tidal_order=-1, pn_phase_order=-1, pn_amplitude_order=0, numerical_relativity_file=None, waveform_arguments_dict=None, mode_array=[None], frequency_domain_source_model='lal_binary_black_hole', conversion_function=None, generation_function=None, likelihood_type='Chi2TimeFrequencyLikelihood', calibration_psd_lookup_table=None, polarization_modes='pc', polarization_basis='pc', wavelet_frequency_resolution=32.0, wavelet_nx=4.0, simulate_psd_nsample=10, default_prior='PolarizationPriorDict', calibration_correction_type='data', time_frequency_clustering_method='injection', time_frequency_clustering_injection_parameters_filename=None, time_frequency_clustering_pe_samples_filename=None, time_frequency_clustering_threshold=0.95, time_frequency_clustering_time_padding=0.1, time_frequency_clustering_frequency_padding=1.0, time_frequency_clustering_skypoints=100)
02:48 bilby_pipe INFO    : Unknown command line arguments: []
02:48 nullpol INFO    : Sampling seed set to 820404
02:48 nullpol INFO    : Found data for detectors = ['H1', 'L1', 'V1']
02:48 nullpol INFO    : Using data for detectors = ['H1', 'L1', 'V1']
02:48 nullpol INFO    : H1: sampling-frequency=4096.0, segment-start-time=-2.0, duration=4.0
02:48 nullpol INFO    : L1: sampling-frequency=4096.0, segment-start-time=-2.0, duration=4.0
02:48 nullpol INFO    : V1: sampling-frequency=4096.0, segment-start-time=-2.0, duration=4.0
02:48 bilby INFO    : Running for label 'scalar_tensor_injection_data0_0_analysis_H1L1V1', output will be saved to 'outdir_scalar_tensor_injection/result'
/home/chun-fung.wong/.conda/envs/nullpol-3.10/lib/python3.10/site-packages/_distutils_hack/__init__.py:30: UserWarning: Setuptools is replacing distutils. Support for replacing an already imported distutils is deprecated. In the future, this condition will fail. Register concerns at https://github.com/pypa/setuptools/issues/new?template=distutils-deprecation.yml
  warnings.warn(
02:48 bilby INFO    : Analysis priors:
02:48 bilby INFO    : dec=Cosine(minimum=-1.5707963267948966, maximum=1.5707963267948966, name='dec', latex_label='$\\mathrm{DEC}$', unit=None, boundary=None)
02:48 bilby INFO    : ra=Uniform(minimum=0, maximum=6.283185307179586, name='ra', latex_label='$\\mathrm{RA}$', unit=None, boundary='periodic')
02:48 bilby INFO    : psi=Uniform(minimum=0, maximum=3.141592653589793, name='psi', latex_label='$\\psi$', unit=None, boundary='periodic')
02:48 bilby INFO    : geocent_time=Uniform(minimum=-0.1, maximum=0.1, name='geocent_time', latex_label='$t_c$', unit='$s$', boundary=None)
02:48 bilby INFO    : Analysis likelihood class: <class 'nullpol.likelihood.chi2_time_frequency_likelihood.Chi2TimeFrequencyLikelihood'>
02:48 bilby INFO    : Analysis likelihood noise evidence: -21.91009848026252
02:48 bilby INFO    : Single likelihood evaluation took 3.101e-03 s
02:48 bilby WARNING : Kwargs contain both 'rstate' and 'seed', ignoring 'seed'.
02:48 bilby INFO    : Using sampler Dynesty with kwargs {'nlive': 1000, 'bound': 'live', 'sample': 'acceptance-walk', 'periodic': None, 'reflective': None, 'update_interval': 600, 'first_update': None, 'npdim': None, 'rstate': Generator(PCG64) at 0x151C46CA59A0, 'queue_size': 4, 'pool': None, 'use_pool': None, 'live_points': None, 'logl_args': None, 'logl_kwargs': None, 'ptform_args': None, 'ptform_kwargs': None, 'gradient': None, 'grad_args': None, 'grad_kwargs': None, 'compute_jac': False, 'enlarge': None, 'bootstrap': None, 'walks': 100, 'facc': 0.2, 'slices': None, 'fmove': 0.9, 'max_move': 100, 'update_func': None, 'ncdim': None, 'blob': False, 'save_history': False, 'history_filename': None, 'maxiter': None, 'maxcall': None, 'dlogz': 0.1, 'logl_max': inf, 'n_effective': None, 'add_live': True, 'print_progress': True, 'print_func': <bound method Dynesty._print_func of <bilby.core.sampler.dynesty.Dynesty object at 0x151c46c8b190>>, 'save_bounds': False, 'checkpoint_file': None, 'checkpoint_every': 60, 'resume': False, 'seed': 820404}
02:48 bilby INFO    : Checkpoint every check_point_delta_t = 1800s
02:48 bilby INFO    : Using dynesty version 2.1.5
02:48 bilby INFO    : Using the bilby-implemented acceptance-walk sampling with an average of 60 accepted steps per MCMC and maximum length 5000
02:48 bilby INFO    : Setting up multiproccesing pool with 4 processes
02:48 bilby INFO    : Reading resume file outdir_scalar_tensor_injection/result/scalar_tensor_injection_data0_0_analysis_H1L1V1_resume.pickle
02:48 bilby WARNING : The resume file outdir_scalar_tensor_injection/result/scalar_tensor_injection_data0_0_analysis_H1L1V1_resume.pickle is corrupted or the version of bilby has changed between runs. This resume file will be ignored.
02:48 bilby INFO    : Generating initial points from the prior
03:09 bilby INFO    : Written checkpoint file outdir_scalar_tensor_injection/result/scalar_tensor_injection_data0_0_analysis_H1L1V1_resume.pickle
03:09 bilby INFO    : Starting to close worker pool.
03:09 bilby INFO    : Finished closing worker pool.
03:09 bilby INFO    : Rejection sampling nested samples to obtain 2302 posterior samples
03:09 bilby INFO    : Sampling time: 0:20:46.413362
03:09 bilby INFO    : Summary of results:
nsamples: 2302
ln_noise_evidence: -21.910
ln_evidence: -5.831 +/-  0.051
ln_bayes_factor: 16.079 +/-  0.051

03:09 nullpol INFO    : Run completed
