01/07/25 02:46:08 ******************************************************
01/07/25 02:46:08 ** condor_scheduniv_exec.208100555.0 (CONDOR_DAGMAN) STARTING UP
01/07/25 02:46:08 ** /usr/bin/condor_dagman
01/07/25 02:46:08 ** SubsystemInfo: name=DAGMAN type=DAGMAN(9) class=CLIENT(2)
01/07/25 02:46:08 ** Configuration: subsystem:DAGMAN local:<NONE> class:CLIENT
01/07/25 02:46:08 ** $CondorVersion: 24.2.2 2024-12-04 BuildID: 772905 PackageID: 24.2.2-1 GitSHA: 2b56256d $
01/07/25 02:46:08 ** $CondorPlatform: x86_64_AlmaLinux8 $
01/07/25 02:46:08 ** PID = 2251451 RealUID = 45036
01/07/25 02:46:08 ** Log last touched time unavailable (No such file or directory)
01/07/25 02:46:08 ******************************************************
01/07/25 02:46:08 Using config source: /etc/condor/condor_config
01/07/25 02:46:08 Using local config sources: 
01/07/25 02:46:08    /etc/condor/config.d/00-htcondor-9.0.config
01/07/25 02:46:08    /etc/condor/config.d/00-ldas
01/07/25 02:46:08    /etc/condor/config.d/00-security
01/07/25 02:46:08    /etc/condor/config.d/02-scheduler
01/07/25 02:46:08    /etc/condor/config.d/10-security
01/07/25 02:46:08    /etc/condor/config.d/10-stash-plugin.conf
01/07/25 02:46:08    /etc/condor/config.d/15-dagman-default-append-vars
01/07/25 02:46:08    /etc/condor/config.d/30-scratch-mount
01/07/25 02:46:08    /etc/condor/config.d/40-oauth-credmon.conf
01/07/25 02:46:08    /etc/condor/config.d/50-transfer-limits
01/07/25 02:46:08    /etc/condor/config.d/65-system-periodic-hold
01/07/25 02:46:08    /etc/condor/config.d/99-job-epoch-history
01/07/25 02:46:08    /etc/condor/config.d/99-memory
01/07/25 02:46:08    /etc/condor/config.d/99-request-disk
01/07/25 02:46:08    /etc/condor/config.d/99-request-missing-units
01/07/25 02:46:08    /etc/condor/config.d/99-shared-port-descriptor
01/07/25 02:46:08    /etc/condor/config.d/99-transform
01/07/25 02:46:08    /etc/condor/config.d/99-transform-pelican-retry
01/07/25 02:46:08    /etc/condor/condor_config.local
01/07/25 02:46:08 config Macros = 186, Sorted = 186, StringBytes = 9771, TablesBytes = 6880
01/07/25 02:46:08 CLASSAD_CACHING is ENABLED
01/07/25 02:46:08 Daemon Log is logging: D_ALWAYS D_ERROR D_STATUS
01/07/25 02:46:08 DaemonCore: No command port requested.
01/07/25 02:46:08 DAGMAN_USE_STRICT setting: 1
01/07/25 02:46:08 DAGMAN_VERBOSITY setting: 3
01/07/25 02:46:08 DAGMAN_DEBUG_CACHE_SIZE setting: 5242880
01/07/25 02:46:08 DAGMAN_DEBUG_CACHE_ENABLE setting: True
01/07/25 02:46:08 DAGMAN_SUBMIT_DELAY setting: 0
01/07/25 02:46:08 DAGMAN_MAX_SUBMIT_ATTEMPTS setting: 6
01/07/25 02:46:08 DAGMAN_STARTUP_CYCLE_DETECT setting: False
01/07/25 02:46:08 DAGMAN_USE_JOIN_NODES setting: True
01/07/25 02:46:08 DAGMAN_REPORT_GRAPH_METRICS setting: False
01/07/25 02:46:08 DAGMAN_MAX_SUBMITS_PER_INTERVAL setting: 100
01/07/25 02:46:08 DAGMAN_AGGRESSIVE_SUBMIT setting: False
01/07/25 02:46:08 DAGMAN_USER_LOG_SCAN_INTERVAL setting: 5
01/07/25 02:46:08 DAGMAN_QUEUE_UPDATE_INTERVAL setting: 300.000000
01/07/25 02:46:08 DAGMAN_DEFAULT_PRIORITY setting: 0
01/07/25 02:46:08 DAGMAN_SUPPRESS_NOTIFICATION setting: False
01/07/25 02:46:08 allow_events (DAGMAN_ALLOW_EVENTS) setting: 114
01/07/25 02:46:08 DAGMAN_RETRY_SUBMIT_FIRST setting: True
01/07/25 02:46:08 DAGMAN_RETRY_NODE_FIRST setting: False
01/07/25 02:46:08 DAGMAN_MAX_JOBS_IDLE setting: 1000
01/07/25 02:46:08 DAGMAN_MAX_JOBS_SUBMITTED setting: 12000
01/07/25 02:46:08 DAGMAN_MAX_PRE_SCRIPTS setting: 20
01/07/25 02:46:08 DAGMAN_MAX_POST_SCRIPTS setting: 20
01/07/25 02:46:08 DAGMAN_MAX_HOLD_SCRIPTS setting: 20
01/07/25 02:46:08 DAGMAN_MUNGE_NODE_NAMES setting: True
01/07/25 02:46:08 DAGMAN_ALLOW_ANY_NODE_NAME_CHARACTERS setting: False
01/07/25 02:46:08 DAGMAN_PROHIBIT_MULTI_JOBS setting: False
01/07/25 02:46:08 DAGMAN_SUBMIT_DEPTH_FIRST setting: True
01/07/25 02:46:08 DAGMAN_ALWAYS_RUN_POST setting: False
01/07/25 02:46:08 DAGMAN_CONDOR_SUBMIT_EXE setting: /usr/bin/condor_submit
01/07/25 02:46:08 DAGMAN_CONDOR_RM_EXE setting: /usr/bin/condor_rm
01/07/25 02:46:08 DAGMAN_USE_DIRECT_SUBMIT setting: True
01/07/25 02:46:08 DAGMAN_PRODUCE_JOB_CREDENTIALS setting: True
01/07/25 02:46:08 DAGMAN_DEFAULT_APPEND_VARS setting: True
01/07/25 02:46:08 DAGMAN_INHERIT_ATTRS_PREFIX setting: 
01/07/25 02:46:08 DAGMAN_INHERIT_ATTRS setting: 
01/07/25 02:46:08 DAGMAN_ABORT_DUPLICATES setting: True
01/07/25 02:46:08 DAGMAN_ABORT_ON_SCARY_SUBMIT setting: True
01/07/25 02:46:08 DAGMAN_PENDING_REPORT_INTERVAL setting: 600
01/07/25 02:46:08 DAGMAN_CHECK_QUEUE_INTERVAL setting: 28800
01/07/25 02:46:08 DAGMAN_AUTO_RESCUE setting: True
01/07/25 02:46:08 DAGMAN_MAX_RESCUE_NUM setting: 100
01/07/25 02:46:08 DAGMAN_WRITE_PARTIAL_RESCUE setting: True
01/07/25 02:46:08 DAGMAN_RESET_RETRIES_UPON_RESCUE setting: True
01/07/25 02:46:08 DAGMAN_METRICS_FILE_VERSION setting: 2
01/07/25 02:46:08 DAGMAN_DEFAULT_NODE_LOG setting: @(DAG_DIR)/@(DAG_FILE).nodes.log
01/07/25 02:46:08 DAGMAN_LOG_ON_NFS_IS_ERROR setting: False
01/07/25 02:46:08 DAGMAN_GENERATE_SUBDAG_SUBMITS setting: True
01/07/25 02:46:08 DAGMAN_MAX_JOB_HOLDS setting: 100
01/07/25 02:46:08 DAGMAN_HOLD_CLAIM_TIME setting: 20
01/07/25 02:46:08 DAGMAN_SUPPRESS_JOB_LOGS setting: False
01/07/25 02:46:08 DAGMAN_REMOVE_NODE_JOBS setting: True
01/07/25 02:46:08 DAGMAN_PUT_FAILED_JOBS_ON_HOLD setting: False
01/07/25 02:46:08 DAGMAN_REMOVE_JOBS_AFTER_LIMIT_CHANGE setting: False
01/07/25 02:46:08 DAGMAN will adjust edges after parsing
01/07/25 02:46:08 Enabling log line cache for increased NFS performance.
01/07/25 02:46:08 argv[0] == "condor_scheduniv_exec.208100555.0"
01/07/25 02:46:08 argv[1] == "-Lockfile"
01/07/25 02:46:08 argv[2] == "outdir_scalar_tensor_injection/submit/dag_scalar_tensor_injection.submit.lock"
01/07/25 02:46:08 argv[3] == "-Dag"
01/07/25 02:46:08 argv[4] == "outdir_scalar_tensor_injection/submit/dag_scalar_tensor_injection.submit"
01/07/25 02:46:08 argv[5] == "-MaxIdle"
01/07/25 02:46:08 argv[6] == "1000"
01/07/25 02:46:08 argv[7] == "-CsdVersion"
01/07/25 02:46:08 argv[8] == "$CondorVersion: 24.2.2 2024-12-04 BuildID: 772905 PackageID: 24.2.2-1 GitSHA: 2b56256d $"
01/07/25 02:46:08 argv[9] == "-dagman"
01/07/25 02:46:08 argv[10] == "/usr/bin/condor_dagman"
01/07/25 02:46:08 argv[11] == "-AutoRescue"
01/07/25 02:46:08 argv[12] == "1"
01/07/25 02:46:08 argv[13] == "-DoRescueFrom"
01/07/25 02:46:08 argv[14] == "0"
01/07/25 02:46:08 argv[15] == "-include_env"
01/07/25 02:46:08 argv[16] == "HTGETTOKENOPTS"
01/07/25 02:46:08 Can't open directory "/etc/condor/passwords.d" as PRIV_ROOT, errno: 13 (Permission denied)
01/07/25 02:46:08 Can't open directory "/etc/condor/passwords.d" as PRIV_ROOT, errno: 13 (Permission denied)
01/07/25 02:46:08 Workflow batch-id: <208100555.0>
01/07/25 02:46:08 Workflow batch-name: <dag_scalar_tensor_injection.submit+208100555>
01/07/25 02:46:08 Workflow accounting_group: <>
01/07/25 02:46:08 Workflow accounting_group_user: <>
01/07/25 02:46:08 Warning: failed to get attribute DAGNodeName
01/07/25 02:46:08 Default node log file is: </home/chun-fung.wong/projects/bantam/src/nullpol/examples/injection/scalar_tensor/outdir_scalar_tensor_injection/submit/dag_scalar_tensor_injection.submit.nodes.log>
01/07/25 02:46:08 DAG Lockfile will be written to outdir_scalar_tensor_injection/submit/dag_scalar_tensor_injection.submit.lock
01/07/25 02:46:08 DAG Input file is outdir_scalar_tensor_injection/submit/dag_scalar_tensor_injection.submit
01/07/25 02:46:08 Parsing 1 dagfiles
01/07/25 02:46:08 Parsing outdir_scalar_tensor_injection/submit/dag_scalar_tensor_injection.submit ...
01/07/25 02:46:08 Adjusting edges
01/07/25 02:46:08 Dag contains 3 total nodes
01/07/25 02:46:08 Bootstrapping...
01/07/25 02:46:08 Number of pre-completed nodes: 0
01/07/25 02:46:08 MultiLogFiles: truncating log file /home/chun-fung.wong/projects/bantam/src/nullpol/examples/injection/scalar_tensor/outdir_scalar_tensor_injection/submit/dag_scalar_tensor_injection.submit.nodes.log
01/07/25 02:46:08 DAG status: 0 (DAG_STATUS_OK)
01/07/25 02:46:08 Of 3 nodes total:
01/07/25 02:46:08  Done     Pre   Queued    Post   Ready   Un-Ready   Failed   Futile
01/07/25 02:46:08   ===     ===      ===     ===     ===        ===      ===      ===
01/07/25 02:46:08     0       0        0       0       1          2        0        0
01/07/25 02:46:08 0 job proc(s) currently held
01/07/25 02:46:08 DAGMan Runtime Statistics: [EventCycleTimeSum=0.000; SleepCycleTimeSum=0.000; SubmitCycleTimeSum=0.000; EventCycleTimeCount=0.000; SleepCycleTimeCount=0.000; SubmitCycleTimeCount=0.000; LogProcessCycleTimeSum=0.000; LogProcessCycleTimeCount=0.000; ]
01/07/25 02:46:08 Registering condor_event_timer...
01/07/25 02:46:09 Submitting HTCondor Node scalar_tensor_injection_data0_0_generation_arg_0 job(s)...
01/07/25 02:46:09 Submitting node scalar_tensor_injection_data0_0_generation_arg_0 from file outdir_scalar_tensor_injection/submit/scalar_tensor_injection_data0_0_generation.submit using direct job submission
01/07/25 02:46:09 CREDMON: LOCAL_CREDMON_PROVIDER_NAME is set and provider name is "scitokens"
01/07/25 02:46:09 STORE_CRED: In mode 160 'add', user is ""
01/07/25 02:46:09 Can't open directory "/etc/condor/passwords.d" as PRIV_ROOT, errno: 13 (Permission denied)
01/07/25 02:46:09 Can't open directory "/etc/condor/passwords.d" as PRIV_ROOT, errno: 13 (Permission denied)
01/07/25 02:46:09 	assigned HTCondor ID (208100556.0.0)
01/07/25 02:46:09 Just submitted 1 job this cycle...
01/07/25 02:46:09 DAG status: 0 (DAG_STATUS_OK)
01/07/25 02:46:09 Of 3 nodes total:
01/07/25 02:46:09  Done     Pre   Queued    Post   Ready   Un-Ready   Failed   Futile
01/07/25 02:46:09   ===     ===      ===     ===     ===        ===      ===      ===
01/07/25 02:46:09     0       0        1       0       0          2        0        0
01/07/25 02:46:09 0 job proc(s) currently held
01/07/25 02:46:09 DAGMan Runtime Statistics: [EventCycleTimeSum=0.000; SleepCycleTimeSum=0.000; SubmitCycleTimeAvg=0.011; SubmitCycleTimeMax=0.011; SubmitCycleTimeMin=0.011; SubmitCycleTimeStd=0.011; SubmitCycleTimeSum=0.011; EventCycleTimeCount=0.000; SleepCycleTimeCount=0.000; SubmitCycleTimeCount=1.000; LogProcessCycleTimeSum=0.000; LogProcessCycleTimeCount=0.000; ]
01/07/25 02:46:14 Currently monitoring 1 HTCondor log file(s)
01/07/25 02:46:14 Reassigning the id of job scalar_tensor_injection_data0_0_generation_arg_0 from (208100556.0.0) to (208100556.0.0)
01/07/25 02:46:14 Event: ULOG_SUBMIT for HTCondor Node scalar_tensor_injection_data0_0_generation_arg_0 (208100556.0.0) {01/07/25 02:46:09}
01/07/25 02:46:14 Number of idle job procs: 1
01/07/25 02:46:54 Currently monitoring 1 HTCondor log file(s)
01/07/25 02:46:54 Event: ULOG_EXECUTE for HTCondor Node scalar_tensor_injection_data0_0_generation_arg_0 (208100556.0.0) {01/07/25 02:46:51}
01/07/25 02:46:54 Number of idle job procs: 0
01/07/25 02:47:04 Currently monitoring 1 HTCondor log file(s)
01/07/25 02:47:04 Event: ULOG_JOB_TERMINATED for HTCondor Node scalar_tensor_injection_data0_0_generation_arg_0 (208100556.0.0) {01/07/25 02:47:00}
01/07/25 02:47:04 Number of idle job procs: 0
01/07/25 02:47:04 Node scalar_tensor_injection_data0_0_generation_arg_0 job proc (208100556.0.0) completed successfully.
01/07/25 02:47:04 Node scalar_tensor_injection_data0_0_generation_arg_0 job completed
01/07/25 02:47:04 DAG status: 0 (DAG_STATUS_OK)
01/07/25 02:47:04 Of 3 nodes total:
01/07/25 02:47:04  Done     Pre   Queued    Post   Ready   Un-Ready   Failed   Futile
01/07/25 02:47:04   ===     ===      ===     ===     ===        ===      ===      ===
01/07/25 02:47:04     1       0        0       0       1          1        0        0
01/07/25 02:47:04 0 job proc(s) currently held
01/07/25 02:47:04 DAGMan Runtime Statistics: [EventCycleTimeAvg=0.002; EventCycleTimeMax=0.013; EventCycleTimeMin=0.000; EventCycleTimeStd=0.004; EventCycleTimeSum=0.018; SleepCycleTimeAvg=5.005; SleepCycleTimeMax=5.005; SleepCycleTimeMin=5.002; SleepCycleTimeStd=0.001; SleepCycleTimeSum=55.052; SubmitCycleTimeAvg=0.001; SubmitCycleTimeMax=0.011; SubmitCycleTimeMin=0.000; SubmitCycleTimeStd=0.003; SubmitCycleTimeSum=0.011; EventCycleTimeCount=11.000; SleepCycleTimeCount=11.000; SubmitCycleTimeCount=12.000; LogProcessCycleTimeAvg=0.002; LogProcessCycleTimeMax=0.002; LogProcessCycleTimeMin=0.001; LogProcessCycleTimeStd=0.001; LogProcessCycleTimeSum=0.006; LogProcessCycleTimeCount=3.000; ]
01/07/25 02:47:09 Submitting HTCondor Node scalar_tensor_injection_data0_0_analysis_H1L1V1_arg_0 job(s)...
01/07/25 02:47:09 Submitting node scalar_tensor_injection_data0_0_analysis_H1L1V1_arg_0 from file outdir_scalar_tensor_injection/submit/scalar_tensor_injection_data0_0_analysis_H1L1V1.submit using direct job submission
01/07/25 02:47:09 CREDMON: LOCAL_CREDMON_PROVIDER_NAME is set and provider name is "scitokens"
01/07/25 02:47:09 STORE_CRED: In mode 160 'add', user is ""
01/07/25 02:47:09 	assigned HTCondor ID (208100557.0.0)
01/07/25 02:47:09 Just submitted 1 job this cycle...
01/07/25 02:47:09 DAG status: 0 (DAG_STATUS_OK)
01/07/25 02:47:09 Of 3 nodes total:
01/07/25 02:47:09  Done     Pre   Queued    Post   Ready   Un-Ready   Failed   Futile
01/07/25 02:47:09   ===     ===      ===     ===     ===        ===      ===      ===
01/07/25 02:47:09     1       0        1       0       0          1        0        0
01/07/25 02:47:09 0 job proc(s) currently held
01/07/25 02:47:09 DAGMan Runtime Statistics: [EventCycleTimeAvg=0.002; EventCycleTimeMax=0.013; EventCycleTimeMin=0.000; EventCycleTimeStd=0.004; EventCycleTimeSum=0.023; SleepCycleTimeAvg=5.005; SleepCycleTimeMax=5.006; SleepCycleTimeMin=5.002; SleepCycleTimeStd=0.001; SleepCycleTimeSum=60.057; SubmitCycleTimeAvg=0.002; SubmitCycleTimeMax=0.012; SubmitCycleTimeMin=0.000; SubmitCycleTimeStd=0.004; SubmitCycleTimeSum=0.023; EventCycleTimeCount=12.000; SleepCycleTimeCount=12.000; SubmitCycleTimeCount=13.000; LogProcessCycleTimeAvg=0.002; LogProcessCycleTimeMax=0.002; LogProcessCycleTimeMin=0.001; LogProcessCycleTimeStd=0.001; LogProcessCycleTimeSum=0.006; LogProcessCycleTimeCount=3.000; ]
01/07/25 02:47:14 Currently monitoring 1 HTCondor log file(s)
01/07/25 02:47:14 Reassigning the id of job scalar_tensor_injection_data0_0_analysis_H1L1V1_arg_0 from (208100557.0.0) to (208100557.0.0)
01/07/25 02:47:14 Event: ULOG_SUBMIT for HTCondor Node scalar_tensor_injection_data0_0_analysis_H1L1V1_arg_0 (208100557.0.0) {01/07/25 02:47:09}
01/07/25 02:47:14 Number of idle job procs: 1
01/07/25 02:48:10 Currently monitoring 1 HTCondor log file(s)
01/07/25 02:48:10 Event: ULOG_EXECUTE for HTCondor Node scalar_tensor_injection_data0_0_analysis_H1L1V1_arg_0 (208100557.0.0) {01/07/25 02:48:06}
01/07/25 02:48:10 Number of idle job procs: 0
01/07/25 02:58:10 600 seconds since last log event
01/07/25 02:58:10 Pending DAG nodes:
01/07/25 02:58:10   Node scalar_tensor_injection_data0_0_analysis_H1L1V1_arg_0, HTCondor ID 208100557, status STATUS_SUBMITTED
01/07/25 03:08:11 1201 seconds since last log event
01/07/25 03:08:11 Pending DAG nodes:
01/07/25 03:08:11   Node scalar_tensor_injection_data0_0_analysis_H1L1V1_arg_0, HTCondor ID 208100557, status STATUS_SUBMITTED
01/07/25 03:09:16 Currently monitoring 1 HTCondor log file(s)
01/07/25 03:09:16 Event: ULOG_JOB_TERMINATED for HTCondor Node scalar_tensor_injection_data0_0_analysis_H1L1V1_arg_0 (208100557.0.0) {01/07/25 03:09:12}
01/07/25 03:09:16 Number of idle job procs: 0
01/07/25 03:09:16 Node scalar_tensor_injection_data0_0_analysis_H1L1V1_arg_0 job proc (208100557.0.0) completed successfully.
01/07/25 03:09:16 Node scalar_tensor_injection_data0_0_analysis_H1L1V1_arg_0 job completed
01/07/25 03:09:16 DAG status: 0 (DAG_STATUS_OK)
01/07/25 03:09:16 Of 3 nodes total:
01/07/25 03:09:16  Done     Pre   Queued    Post   Ready   Un-Ready   Failed   Futile
01/07/25 03:09:16   ===     ===      ===     ===     ===        ===      ===      ===
01/07/25 03:09:16     2       0        0       0       1          0        0        0
01/07/25 03:09:16 0 job proc(s) currently held
01/07/25 03:09:16 DAGMan Runtime Statistics: [EventCycleTimeAvg=0.000; EventCycleTimeMax=0.015; EventCycleTimeMin=0.000; EventCycleTimeStd=0.001; EventCycleTimeSum=0.085; SleepCycleTimeAvg=5.005; SleepCycleTimeMax=5.006; SleepCycleTimeMin=5.001; SleepCycleTimeStd=0.000; SleepCycleTimeSum=1386.380; SubmitCycleTimeAvg=0.000; SubmitCycleTimeMax=0.012; SubmitCycleTimeMin=0.000; SubmitCycleTimeStd=0.001; SubmitCycleTimeSum=0.024; EventCycleTimeCount=277.000; SleepCycleTimeCount=277.000; SubmitCycleTimeCount=278.000; LogProcessCycleTimeAvg=0.002; LogProcessCycleTimeMax=0.005; LogProcessCycleTimeMin=0.001; LogProcessCycleTimeStd=0.001; LogProcessCycleTimeSum=0.015; LogProcessCycleTimeCount=6.000; ]
01/07/25 03:09:21 Submitting HTCondor Node scalar_tensor_injection_data0_0_analysis_H1L1V1_final_result_arg_0 job(s)...
01/07/25 03:09:21 Submitting node scalar_tensor_injection_data0_0_analysis_H1L1V1_final_result_arg_0 from file outdir_scalar_tensor_injection/submit/scalar_tensor_injection_data0_0_analysis_H1L1V1_final_result.submit using direct job submission
01/07/25 03:09:21 CREDMON: LOCAL_CREDMON_PROVIDER_NAME is set and provider name is "scitokens"
01/07/25 03:09:21 STORE_CRED: In mode 160 'add', user is ""
01/07/25 03:09:21 	assigned HTCondor ID (208100558.0.0)
01/07/25 03:09:21 Just submitted 1 job this cycle...
01/07/25 03:09:21 DAG status: 0 (DAG_STATUS_OK)
01/07/25 03:09:21 Of 3 nodes total:
01/07/25 03:09:21  Done     Pre   Queued    Post   Ready   Un-Ready   Failed   Futile
01/07/25 03:09:21   ===     ===      ===     ===     ===        ===      ===      ===
01/07/25 03:09:21     2       0        1       0       0          0        0        0
01/07/25 03:09:21 0 job proc(s) currently held
01/07/25 03:09:21 DAGMan Runtime Statistics: [EventCycleTimeAvg=0.000; EventCycleTimeMax=0.015; EventCycleTimeMin=0.000; EventCycleTimeStd=0.001; EventCycleTimeSum=0.090; SleepCycleTimeAvg=5.005; SleepCycleTimeMax=5.006; SleepCycleTimeMin=5.001; SleepCycleTimeStd=0.000; SleepCycleTimeSum=1391.382; SubmitCycleTimeAvg=0.000; SubmitCycleTimeMax=0.012; SubmitCycleTimeMin=0.000; SubmitCycleTimeStd=0.001; SubmitCycleTimeSum=0.034; EventCycleTimeCount=278.000; SleepCycleTimeCount=278.000; SubmitCycleTimeCount=279.000; LogProcessCycleTimeAvg=0.002; LogProcessCycleTimeMax=0.005; LogProcessCycleTimeMin=0.001; LogProcessCycleTimeStd=0.001; LogProcessCycleTimeSum=0.015; LogProcessCycleTimeCount=6.000; ]
01/07/25 03:09:26 Currently monitoring 1 HTCondor log file(s)
01/07/25 03:09:26 Reassigning the id of job scalar_tensor_injection_data0_0_analysis_H1L1V1_final_result_arg_0 from (208100558.0.0) to (208100558.0.0)
01/07/25 03:09:26 Event: ULOG_SUBMIT for HTCondor Node scalar_tensor_injection_data0_0_analysis_H1L1V1_final_result_arg_0 (208100558.0.0) {01/07/25 03:09:21}
01/07/25 03:09:26 Number of idle job procs: 1
01/07/25 03:10:06 Currently monitoring 1 HTCondor log file(s)
01/07/25 03:10:06 Event: ULOG_EXECUTE for HTCondor Node scalar_tensor_injection_data0_0_analysis_H1L1V1_final_result_arg_0 (208100558.0.0) {01/07/25 03:10:02}
01/07/25 03:10:06 Number of idle job procs: 0
01/07/25 03:10:11 Currently monitoring 1 HTCondor log file(s)
01/07/25 03:10:11 Event: ULOG_JOB_TERMINATED for HTCondor Node scalar_tensor_injection_data0_0_analysis_H1L1V1_final_result_arg_0 (208100558.0.0) {01/07/25 03:10:08}
01/07/25 03:10:11 Number of idle job procs: 0
01/07/25 03:10:11 Node scalar_tensor_injection_data0_0_analysis_H1L1V1_final_result_arg_0 job proc (208100558.0.0) completed successfully.
01/07/25 03:10:11 Node scalar_tensor_injection_data0_0_analysis_H1L1V1_final_result_arg_0 job completed
01/07/25 03:10:11 DAG status: 0 (DAG_STATUS_OK)
01/07/25 03:10:11 Of 3 nodes total:
01/07/25 03:10:11  Done     Pre   Queued    Post   Ready   Un-Ready   Failed   Futile
01/07/25 03:10:11   ===     ===      ===     ===     ===        ===      ===      ===
01/07/25 03:10:11     3       0        0       0       0          0        0        0
01/07/25 03:10:11 0 job proc(s) currently held
01/07/25 03:10:11 DAGMan Runtime Statistics: [EventCycleTimeAvg=0.000; EventCycleTimeMax=0.015; EventCycleTimeMin=0.000; EventCycleTimeStd=0.002; EventCycleTimeSum=0.106; SleepCycleTimeAvg=5.005; SleepCycleTimeMax=5.006; SleepCycleTimeMin=5.001; SleepCycleTimeStd=0.001; SleepCycleTimeSum=1441.425; SubmitCycleTimeAvg=0.000; SubmitCycleTimeMax=0.012; SubmitCycleTimeMin=0.000; SubmitCycleTimeStd=0.001; SubmitCycleTimeSum=0.034; EventCycleTimeCount=288.000; SleepCycleTimeCount=288.000; SubmitCycleTimeCount=289.000; LogProcessCycleTimeAvg=0.002; LogProcessCycleTimeMax=0.005; LogProcessCycleTimeMin=0.001; LogProcessCycleTimeStd=0.001; LogProcessCycleTimeSum=0.020; LogProcessCycleTimeCount=9.000; ]
01/07/25 03:10:11 All jobs Completed!
01/07/25 03:10:11 Note: 0 total node deferrals because of -MaxJobs limit (12000)
01/07/25 03:10:11 Note: 0 total node deferrals because of -MaxIdle limit (1000)
01/07/25 03:10:11 Note: 0 total node deferrals because of node category throttles
01/07/25 03:10:11 Note: 0 total PRE script deferrals because of -MaxPre limit (20) or DEFER
01/07/25 03:10:11 Note: 0 total POST script deferrals because of -MaxPost limit (20) or DEFER
01/07/25 03:10:11 Note: 0 total HOLD script deferrals because of -MaxHold limit (20) or DEFER
01/07/25 03:10:11 DAG status: 0 (DAG_STATUS_OK)
01/07/25 03:10:11 Of 3 nodes total:
01/07/25 03:10:11  Done     Pre   Queued    Post   Ready   Un-Ready   Failed   Futile
01/07/25 03:10:11   ===     ===      ===     ===     ===        ===      ===      ===
01/07/25 03:10:11     3       0        0       0       0          0        0        0
01/07/25 03:10:11 0 job proc(s) currently held
01/07/25 03:10:11 DAGMan Runtime Statistics: [EventCycleTimeAvg=0.000; EventCycleTimeMax=0.015; EventCycleTimeMin=0.000; EventCycleTimeStd=0.002; EventCycleTimeSum=0.106; SleepCycleTimeAvg=5.005; SleepCycleTimeMax=5.006; SleepCycleTimeMin=5.001; SleepCycleTimeStd=0.001; SleepCycleTimeSum=1441.425; SubmitCycleTimeAvg=0.000; SubmitCycleTimeMax=0.012; SubmitCycleTimeMin=0.000; SubmitCycleTimeStd=0.001; SubmitCycleTimeSum=0.034; EventCycleTimeCount=288.000; SleepCycleTimeCount=288.000; SubmitCycleTimeCount=289.000; LogProcessCycleTimeAvg=0.002; LogProcessCycleTimeMax=0.005; LogProcessCycleTimeMin=0.001; LogProcessCycleTimeStd=0.001; LogProcessCycleTimeSum=0.020; LogProcessCycleTimeCount=9.000; ]
01/07/25 03:10:11 Wrote metrics file outdir_scalar_tensor_injection/submit/dag_scalar_tensor_injection.submit.metrics.
01/07/25 03:10:11 DAGMan Runtime Statistics: [EventCycleTimeAvg=0.000; EventCycleTimeMax=0.015; EventCycleTimeMin=0.000; EventCycleTimeStd=0.002; EventCycleTimeSum=0.106; SleepCycleTimeAvg=5.005; SleepCycleTimeMax=5.006; SleepCycleTimeMin=5.001; SleepCycleTimeStd=0.001; SleepCycleTimeSum=1441.425; SubmitCycleTimeAvg=0.000; SubmitCycleTimeMax=0.012; SubmitCycleTimeMin=0.000; SubmitCycleTimeStd=0.001; SubmitCycleTimeSum=0.034; EventCycleTimeCount=288.000; SleepCycleTimeCount=288.000; SubmitCycleTimeCount=289.000; LogProcessCycleTimeAvg=0.002; LogProcessCycleTimeMax=0.005; LogProcessCycleTimeMin=0.001; LogProcessCycleTimeStd=0.001; LogProcessCycleTimeSum=0.020; LogProcessCycleTimeCount=9.000; ]
01/07/25 03:10:11 **** condor_scheduniv_exec.208100555.0 (condor_DAGMAN) pid 2251451 EXITING WITH STATUS 0
